<?xml version="1.0" encoding="UTF-8"?>
<testsuite name="com.kpk.demo.JavaDemoCaseStudyOneApplicationTests" tests="1" skipped="0" failures="0" errors="0" timestamp="2019-10-27T03:45:26" hostname="PRAVEENs-MacBook-Pro.local" time="0.013">
  <properties/>
  <testcase name="contextLoads" classname="com.kpk.demo.JavaDemoCaseStudyOneApplicationTests" time="0.013"/>
  <system-out><![CDATA[22:45:14.830 [Test worker] DEBUG org.springframework.test.context.junit4.SpringJUnit4ClassRunner - SpringJUnit4ClassRunner constructor called with [class com.kpk.demo.JavaDemoCaseStudyOneApplicationTests]
22:45:14.854 [Test worker] DEBUG org.springframework.test.context.BootstrapUtils - Instantiating CacheAwareContextLoaderDelegate from class [org.springframework.test.context.cache.DefaultCacheAwareContextLoaderDelegate]
22:45:14.870 [Test worker] DEBUG org.springframework.test.context.BootstrapUtils - Instantiating BootstrapContext using constructor [public org.springframework.test.context.support.DefaultBootstrapContext(java.lang.Class,org.springframework.test.context.CacheAwareContextLoaderDelegate)]
22:45:14.907 [Test worker] DEBUG org.springframework.test.context.BootstrapUtils - Instantiating TestContextBootstrapper for test class [com.kpk.demo.JavaDemoCaseStudyOneApplicationTests] from class [org.springframework.boot.test.context.SpringBootTestContextBootstrapper]
22:45:14.954 [Test worker] INFO org.springframework.boot.test.context.SpringBootTestContextBootstrapper - Neither @ContextConfiguration nor @ContextHierarchy found for test class [com.kpk.demo.JavaDemoCaseStudyOneApplicationTests], using SpringBootContextLoader
22:45:14.968 [Test worker] DEBUG org.springframework.test.context.support.AbstractContextLoader - Did not detect default resource location for test class [com.kpk.demo.JavaDemoCaseStudyOneApplicationTests]: class path resource [com/kpk/demo/JavaDemoCaseStudyOneApplicationTests-context.xml] does not exist
22:45:14.970 [Test worker] DEBUG org.springframework.test.context.support.AbstractContextLoader - Did not detect default resource location for test class [com.kpk.demo.JavaDemoCaseStudyOneApplicationTests]: class path resource [com/kpk/demo/JavaDemoCaseStudyOneApplicationTestsContext.groovy] does not exist
22:45:14.971 [Test worker] INFO org.springframework.test.context.support.AbstractContextLoader - Could not detect default resource locations for test class [com.kpk.demo.JavaDemoCaseStudyOneApplicationTests]: no resource found for suffixes {-context.xml, Context.groovy}.
22:45:14.973 [Test worker] INFO org.springframework.test.context.support.AnnotationConfigContextLoaderUtils - Could not detect default configuration classes for test class [com.kpk.demo.JavaDemoCaseStudyOneApplicationTests]: JavaDemoCaseStudyOneApplicationTests does not declare any static, non-private, non-final, nested classes annotated with @Configuration.
22:45:15.052 [Test worker] DEBUG org.springframework.test.context.support.ActiveProfilesUtils - Could not find an 'annotation declaring class' for annotation type [org.springframework.test.context.ActiveProfiles] and class [com.kpk.demo.JavaDemoCaseStudyOneApplicationTests]
22:45:15.105 [Test worker] DEBUG org.springframework.core.env.StandardEnvironment - Adding [systemProperties] PropertySource with lowest search precedence
22:45:15.106 [Test worker] DEBUG org.springframework.core.env.StandardEnvironment - Adding [systemEnvironment] PropertySource with lowest search precedence
22:45:15.106 [Test worker] DEBUG org.springframework.core.env.StandardEnvironment - Initialized StandardEnvironment with PropertySources [systemProperties,systemEnvironment]
22:45:15.141 [Test worker] DEBUG org.springframework.core.io.support.PathMatchingResourcePatternResolver - Resolved classpath location [com/kpk/demo/] to resources [URL [file:/Users/pachaihome/Document/JavaAcademics/javamaterials/build/classes/test/com/kpk/demo/], URL [file:/Users/pachaihome/Document/JavaAcademics/javamaterials/build/classes/main/com/kpk/demo/]]
22:45:15.142 [Test worker] DEBUG org.springframework.core.io.support.PathMatchingResourcePatternResolver - Looking for matching resources in directory tree [/Users/pachaihome/Document/JavaAcademics/javamaterials/build/classes/test/com/kpk/demo]
22:45:15.143 [Test worker] DEBUG org.springframework.core.io.support.PathMatchingResourcePatternResolver - Searching directory [/Users/pachaihome/Document/JavaAcademics/javamaterials/build/classes/test/com/kpk/demo] for files matching pattern [/Users/pachaihome/Document/JavaAcademics/javamaterials/build/classes/test/com/kpk/demo/*.class]
22:45:15.147 [Test worker] DEBUG org.springframework.core.io.support.PathMatchingResourcePatternResolver - Looking for matching resources in directory tree [/Users/pachaihome/Document/JavaAcademics/javamaterials/build/classes/main/com/kpk/demo]
22:45:15.147 [Test worker] DEBUG org.springframework.core.io.support.PathMatchingResourcePatternResolver - Searching directory [/Users/pachaihome/Document/JavaAcademics/javamaterials/build/classes/main/com/kpk/demo] for files matching pattern [/Users/pachaihome/Document/JavaAcademics/javamaterials/build/classes/main/com/kpk/demo/*.class]
22:45:15.150 [Test worker] DEBUG org.springframework.core.io.support.PathMatchingResourcePatternResolver - Resolved location pattern [classpath*:com/kpk/demo/*.class] to resources [file [/Users/pachaihome/Document/JavaAcademics/javamaterials/build/classes/test/com/kpk/demo/JavaDemoCaseStudyOneApplicationTests.class], file [/Users/pachaihome/Document/JavaAcademics/javamaterials/build/classes/main/com/kpk/demo/ConstructorFirst.class], file [/Users/pachaihome/Document/JavaAcademics/javamaterials/build/classes/main/com/kpk/demo/Functions.class], file [/Users/pachaihome/Document/JavaAcademics/javamaterials/build/classes/main/com/kpk/demo/JavaDemoCaseStudyOneApplication.class]]
22:45:15.246 [Test worker] DEBUG org.springframework.context.annotation.ClassPathScanningCandidateComponentProvider - Identified candidate component class: file [/Users/pachaihome/Document/JavaAcademics/javamaterials/build/classes/main/com/kpk/demo/JavaDemoCaseStudyOneApplication.class]
22:45:15.250 [Test worker] INFO org.springframework.boot.test.context.SpringBootTestContextBootstrapper - Found @SpringBootConfiguration com.kpk.demo.JavaDemoCaseStudyOneApplication for test class com.kpk.demo.JavaDemoCaseStudyOneApplicationTests
22:45:15.254 [Test worker] DEBUG org.springframework.boot.test.context.SpringBootTestContextBootstrapper - @TestExecutionListeners is not present for class [com.kpk.demo.JavaDemoCaseStudyOneApplicationTests]: using defaults.
22:45:15.262 [Test worker] INFO org.springframework.boot.test.context.SpringBootTestContextBootstrapper - Loaded default TestExecutionListener class names from location [META-INF/spring.factories]: [org.springframework.boot.test.mock.mockito.MockitoTestExecutionListener, org.springframework.boot.test.mock.mockito.ResetMocksTestExecutionListener, org.springframework.boot.test.autoconfigure.restdocs.RestDocsTestExecutionListener, org.springframework.boot.test.autoconfigure.web.client.MockRestServiceServerResetTestExecutionListener, org.springframework.boot.test.autoconfigure.web.servlet.MockMvcPrintOnlyOnFailureTestExecutionListener, org.springframework.boot.test.autoconfigure.web.servlet.WebDriverTestExecutionListener, org.springframework.test.context.web.ServletTestExecutionListener, org.springframework.test.context.support.DirtiesContextBeforeModesTestExecutionListener, org.springframework.test.context.support.DependencyInjectionTestExecutionListener, org.springframework.test.context.support.DirtiesContextTestExecutionListener, org.springframework.test.context.transaction.TransactionalTestExecutionListener, org.springframework.test.context.jdbc.SqlScriptsTestExecutionListener]
22:45:15.275 [Test worker] INFO org.springframework.boot.test.context.SpringBootTestContextBootstrapper - Could not instantiate TestExecutionListener [org.springframework.test.context.jdbc.SqlScriptsTestExecutionListener]. Specify custom listener classes or make the default listener classes (and their required dependencies) available. Offending class: [org/springframework/transaction/interceptor/TransactionAttribute]
22:45:15.277 [Test worker] INFO org.springframework.boot.test.context.SpringBootTestContextBootstrapper - Could not instantiate TestExecutionListener [org.springframework.test.context.web.ServletTestExecutionListener]. Specify custom listener classes or make the default listener classes (and their required dependencies) available. Offending class: [javax/servlet/ServletContext]
22:45:15.278 [Test worker] INFO org.springframework.boot.test.context.SpringBootTestContextBootstrapper - Could not instantiate TestExecutionListener [org.springframework.test.context.transaction.TransactionalTestExecutionListener]. Specify custom listener classes or make the default listener classes (and their required dependencies) available. Offending class: [org/springframework/transaction/interceptor/TransactionAttributeSource]
22:45:15.279 [Test worker] INFO org.springframework.boot.test.context.SpringBootTestContextBootstrapper - Using TestExecutionListeners: [org.springframework.test.context.support.DirtiesContextBeforeModesTestExecutionListener@7bbfff0c, org.springframework.boot.test.autoconfigure.SpringBootDependencyInjectionTestExecutionListener@7e828e2f, org.springframework.test.context.support.DirtiesContextTestExecutionListener@25882153, org.springframework.boot.test.autoconfigure.web.client.MockRestServiceServerResetTestExecutionListener@14c9ae62, org.springframework.boot.test.mock.mockito.MockitoTestExecutionListener@108a6468, org.springframework.boot.test.autoconfigure.web.servlet.WebDriverTestExecutionListener@7a1373a0, org.springframework.boot.test.mock.mockito.ResetMocksTestExecutionListener@1ef55708, org.springframework.boot.test.autoconfigure.restdocs.RestDocsTestExecutionListener@4796400a, org.springframework.boot.test.autoconfigure.web.servlet.MockMvcPrintOnlyOnFailureTestExecutionListener@4fcc5b4]
22:45:15.282 [Test worker] DEBUG org.springframework.test.annotation.ProfileValueUtils - Retrieved @ProfileValueSourceConfiguration [null] for test class [com.kpk.demo.JavaDemoCaseStudyOneApplicationTests]
22:45:15.283 [Test worker] DEBUG org.springframework.test.annotation.ProfileValueUtils - Retrieved ProfileValueSource type [class org.springframework.test.annotation.SystemProfileValueSource] for class [com.kpk.demo.JavaDemoCaseStudyOneApplicationTests]
22:45:15.285 [Test worker] DEBUG org.springframework.test.annotation.ProfileValueUtils - Retrieved @ProfileValueSourceConfiguration [null] for test class [com.kpk.demo.JavaDemoCaseStudyOneApplicationTests]
22:45:15.286 [Test worker] DEBUG org.springframework.test.annotation.ProfileValueUtils - Retrieved ProfileValueSource type [class org.springframework.test.annotation.SystemProfileValueSource] for class [com.kpk.demo.JavaDemoCaseStudyOneApplicationTests]
22:45:15.291 [Test worker] DEBUG org.springframework.test.context.support.AbstractDirtiesContextTestExecutionListener - Before test class: context [DefaultTestContext@aa2f513 testClass = JavaDemoCaseStudyOneApplicationTests, testInstance = [null], testMethod = [null], testException = [null], mergedContextConfiguration = [MergedContextConfiguration@1d2d0223 testClass = JavaDemoCaseStudyOneApplicationTests, locations = '{}', classes = '{class com.kpk.demo.JavaDemoCaseStudyOneApplication}', contextInitializerClasses = '[]', activeProfiles = '{}', propertySourceLocations = '{}', propertySourceProperties = '{org.springframework.boot.test.context.SpringBootTestContextBootstrapper=true}', contextCustomizers = set[org.springframework.boot.test.context.SpringBootTestContextCustomizer@371edd19, org.springframework.boot.test.context.filter.ExcludeFilterContextCustomizer@7b1eb2f5, org.springframework.boot.test.mock.mockito.MockitoContextCustomizer@0, org.springframework.boot.test.autoconfigure.properties.PropertyMappingContextCustomizer@0, org.springframework.boot.test.autoconfigure.web.servlet.WebDriverContextCustomizerFactory$Customizer@44bb37bf], contextLoader = 'org.springframework.boot.test.context.SpringBootContextLoader', parent = [null]]], class annotated with @DirtiesContext [false] with mode [null].
22:45:15.292 [Test worker] DEBUG org.springframework.test.annotation.ProfileValueUtils - Retrieved @ProfileValueSourceConfiguration [null] for test class [com.kpk.demo.JavaDemoCaseStudyOneApplicationTests]
22:45:15.292 [Test worker] DEBUG org.springframework.test.annotation.ProfileValueUtils - Retrieved ProfileValueSource type [class org.springframework.test.annotation.SystemProfileValueSource] for class [com.kpk.demo.JavaDemoCaseStudyOneApplicationTests]
22:45:15.294 [Test worker] DEBUG org.springframework.test.context.support.DependencyInjectionTestExecutionListener - Performing dependency injection for test context [[DefaultTestContext@aa2f513 testClass = JavaDemoCaseStudyOneApplicationTests, testInstance = com.kpk.demo.JavaDemoCaseStudyOneApplicationTests@5c2baab6, testMethod = [null], testException = [null], mergedContextConfiguration = [MergedContextConfiguration@1d2d0223 testClass = JavaDemoCaseStudyOneApplicationTests, locations = '{}', classes = '{class com.kpk.demo.JavaDemoCaseStudyOneApplication}', contextInitializerClasses = '[]', activeProfiles = '{}', propertySourceLocations = '{}', propertySourceProperties = '{org.springframework.boot.test.context.SpringBootTestContextBootstrapper=true}', contextCustomizers = set[org.springframework.boot.test.context.SpringBootTestContextCustomizer@371edd19, org.springframework.boot.test.context.filter.ExcludeFilterContextCustomizer@7b1eb2f5, org.springframework.boot.test.mock.mockito.MockitoContextCustomizer@0, org.springframework.boot.test.autoconfigure.properties.PropertyMappingContextCustomizer@0, org.springframework.boot.test.autoconfigure.web.servlet.WebDriverContextCustomizerFactory$Customizer@44bb37bf], contextLoader = 'org.springframework.boot.test.context.SpringBootContextLoader', parent = [null]]]].
22:45:15.332 [Test worker] DEBUG org.springframework.core.env.StandardEnvironment - Adding [systemProperties] PropertySource with lowest search precedence
22:45:15.333 [Test worker] DEBUG org.springframework.core.env.StandardEnvironment - Adding [systemEnvironment] PropertySource with lowest search precedence
22:45:15.333 [Test worker] DEBUG org.springframework.core.env.StandardEnvironment - Initialized StandardEnvironment with PropertySources [systemProperties,systemEnvironment]
22:45:15.335 [Test worker] DEBUG org.springframework.test.context.support.TestPropertySourceUtils - Adding inlined properties to environment: {spring.jmx.enabled=false, org.springframework.boot.test.context.SpringBootTestContextBootstrapper=true, server.port=-1}
22:45:15.335 [Test worker] DEBUG org.springframework.core.env.StandardEnvironment - Adding [Inlined Test Properties] PropertySource with highest search precedence

  .   ____          _            __ _ _
 /\\ / ___'_ __ _ _(_)_ __  __ _ \ \ \ \
( ( )\___ | '_ | '_| | '_ \/ _` | \ \ \ \
 \\/  ___)| |_)| | | | | || (_| |  ) ) ) )
  '  |____| .__|_| |_|_| |_\__, | / / / /
 =========|_|==============|___/=/_/_/_/
 :: Spring Boot ::        (v1.4.2.RELEASE)

2019-10-26 22:45:25.672  INFO 2113 --- [    Test worker] k.d.JavaDemoCaseStudyOneApplicationTests : Starting JavaDemoCaseStudyOneApplicationTests on PRAVEENs-MacBook-Pro.local with PID 2113 (started by pachaihome in /Users/pachaihome/Document/JavaAcademics/javamaterials)
2019-10-26 22:45:25.673  INFO 2113 --- [    Test worker] k.d.JavaDemoCaseStudyOneApplicationTests : No active profile set, falling back to default profiles: default
2019-10-26 22:45:25.696  INFO 2113 --- [    Test worker] s.c.a.AnnotationConfigApplicationContext : Refreshing org.springframework.context.annotation.AnnotationConfigApplicationContext@3ddb197b: startup date [Sat Oct 26 22:45:25 CDT 2019]; root of context hierarchy
2019-10-26 22:45:26.634  INFO 2113 --- [    Test worker] k.d.JavaDemoCaseStudyOneApplicationTests : Started JavaDemoCaseStudyOneApplicationTests in 11.295 seconds (JVM running for 12.67)
]]></system-out>
  <system-err><![CDATA[]]></system-err>
</testsuite>
